[root@anyka /mnt/anyka_hack]$ LD_LIBRARY_PATH=/mnt/anyka_hack/oldcam/lib:/mnt/anyka_hack/oldcam/usr/lib
[root@anyka /mnt/anyka_hack]$ ./ak_snapshot
[INFO  ] capture <main:325>: capture_init...
[INFO  ] capture <capture_init:104>: Create fifo /tmp/qrcode_read
[INFO  ] capture <capture_init:107>: image module init
VIDEO_CHN_SUB index 1
VIDEO_CHN_MAIN index 0
default log level=4
[ak_vi_match_sensor:849] config_file: /mnt/sdcard/CAM/isp
[isp.conf]version: 3.007_1215, sensor id: 0xa63, style id: 0
[isp.conf]modify time: 2020-12-15 13:43:00
[check_file:347] check isp cfg: /mnt/sdcard/CAM/isp OK
[ak_vi_open:890] register device, dev type: 0
new device
[vi_register_device:685] new dev=0x49020

----- libakuio.so V2.0.03 -----
[libakuio][/dev/ion] kernel config reserve mem size: 25165824, 0x1800000

[libakuio]ION: alloc 25165824 bytes for process 6626
[libakuio]ION: yield 5 for iad 0xb6f70c3c

--------------- pmem info ---------------
    PMEM_GET_TOTAL_SIZE: 25165824 bytes
    PMEM_GET_PHYS: 0x80000000
    pmem.vaddr: 0xb568a000
--------------- info End ---------------

####akuio pmem init success###

ispsdk_lib version:V3.1.00
--- AK_ISP_sdk_init g_fd=8 ---
hight light:
        frame_rate=20 max_exp_time=1125 low_light_gain=16
low light:
        frame_rate=15 max_exp_time=1500 light_gain=5
hight light fps: 20
[isp_set_sensor_fps:1859] set sensor fps: 20
[set_fps:185] set fps:20 ok
register vi device ok, dev_count=1
[ak_vi_open:900] register device OK, pdev: 0x49020
[vi_new_user:490] now user_flg=0, user_ref=1
[TRACE ] capture <capture_init:164>: ak_vi_get_sensor_resolution

[load_def_awb_step:205] get awb_attr ok, auto_awb_step:10
hight light:
        frame_rate=20 max_exp_time=1125 low_light_gain=16
low light:
        frame_rate=15 max_exp_time=1500 light_gain=5
[change_fps_pthread:714] thread id: 6633
hight light fps: 20
[isp_set_sensor_fps:1859] set sensor fps: 20
[set_fps:185] set fps:20 ok
init CROP succeedded! reset to CROP[1280, 720]
[TRACE ] capture <capture_init:178>: ak_vi_set_channel_attr

[malloc_capture_buffers:115] ion_mem: 0xb5a0e000, temp: 0x80384000
[malloc_capture_buffers:122] n_buffers: 0, start: 0xb5a0e000, length: 2306048
[malloc_capture_buffers:122] n_buffers: 1, start: 0xb5c41000, length: 2306048
[malloc_capture_buffers:122] n_buffers: 2, start: 0xb5e74000, length: 2306048
[malloc_capture_buffers:122] n_buffers: 3, start: 0xb60a7000, length: 2306048
[malloc_capture_buffers:128] set buffer size: 2306048 ok
[isp_vi_capture_on:719] stream on, drop first 4 frames
[TRACE ] capture <capture_init:189>: ak_vi_capture_on

[INFO  ] capture <start_server:194>: Webserver starting: 3000, pid 6626

[INFO  ] capture <main:331>: loop...
[TRACE ] capture <capture_loop:239>: capture start
[INFO  ] capture <accept_thread:176>: Waiting client...
[isp_vi_get_frame:842] capture on --> real get frame time=49

[ak_vi_get_frame:1373] get frame failed
[isp_vi_get_frame:842] capture on --> real get frame time=99

[ak_vi_get_frame:1373] get frame failed
[isp_vi_get_frame:842] capture on --> real get frame time=149

[ak_vi_get_frame:1373] get frame failed
[reload_config_awb_step:225] get awb_attr ok, cur auto_awb_step:10, set to step:10
[TRACE ] capture <accept_thread:180>: Accepted !!
[INFO  ] capture <web:77>: new request !!!
INFO: request:GET /snapshot.bmp HTTP/1.1**Host: 192.168.10.191:3000**User-Agent: Mozilla/5.0 (X11; Ubuntu; Linux x86_64; rv:109.0) Gecko/20100101 Firefox/115.0**Accept: text/html,application/xhtml+xml,application/xml;q=0.9,image/avif,image/webp,*/*;q=0.8**Accept-Language: en-US,en;q=0.5**Accept-Encoding: gzip, deflate**DNT: 1**Connection: keep-alive**Upgrade-Insecure-Requests: 1****:1[WARN  ] capture <web:128>: Wait capture...
[WARN  ] capture <debug_capture:221>:  >>>>> Saving snapshot: /tmp/preview.bmp
INFO: SEND:snapshot.bmp:1INFO: Header:HTTP/1.1 200 OK
Server: nweb/23.0
Content-Length: 921654
Connection: close
Content-Type: image/bmp

:1[INFO  ] capture <accept_thread:176>: Waiting client...
[TRACE ] capture <accept_thread:180>: Accepted !!
[INFO  ] capture <web:77>: new request !!!
INFO: request:GET /favicon.ico HTTP/1.1**Host: 192.168.10.191:3000**User-Agent: Mozilla/5.0 (X11; Ubuntu; Linux x86_64; rv:109.0) Gecko/20100101 Firefox/115.0**Accept: image/avif,image/webp,*/***Accept-Language: en-US,en;q=0.5**Accept-Encoding: gzip, deflate**DNT: 1**Connection: keep-alive**Referer: http://192.168.10.191:3000/snapshot.bmp****:2NOT FOUND: failed to open file:favicon.icoINFO: SEND:favicon.ico:2INFO: Header:HTTP/1.1 200 OK
Server: nweb/23.0
Content-Length: -1
Connection: close
Content-Type: image/ico

:2[INFO  ] capture <accept_thread:176>: Waiting client...
[TRACE ] capture <accept_thread:180>: Accepted !!
[INFO  ] capture <web:77>: new request !!!
INFO: request:GET /snapshot.bmp HTTP/1.1**Host: 192.168.10.191:3000**User-Agent: Mozilla/5.0 (X11; Ubuntu; Linux x86_64; rv:109.0) Gecko/20100101 Firefox/115.0**Accept: text/html,application/xhtml+xml,application/xml;q=0.9,image/avif,image/webp,*/*;q=0.8**Accept-Language: en-US,en;q=0.5**Accept-Encoding: gzip, deflate**DNT: 1**Connection: keep-alive**Upgrade-Insecure-Requests: 1****:3[WARN  ] capture <web:128>: Wait capture...
[WARN  ] capture <debug_capture:221>:  >>>>> Saving snapshot: /tmp/preview.bmp
INFO: SEND:snapshot.bmp:3INFO: Header:HTTP/1.1 200 OK
Server: nweb/23.0
Content-Length: 921654
Connection: close
Content-Type: image/bmp


